<?xml version="1.0" encoding="UTF-8"?>
<robot generator="Robot 7.3.2 (Python 3.12.3 on linux)" generated="2025-11-11T01:33:02.802593" rpa="false" schemaversion="5">
<suite id="s1" name="Tests" source="/home/mcheino/Asiakirjat/ohtu/webcounter/src/tests">
<suite id="s1-s1" name="Increment" source="/home/mcheino/Asiakirjat/ohtu/webcounter/src/tests/increment.robot">
<kw name="Open And Configure Browser" owner="resource" type="SETUP">
<if>
<branch type="IF" condition="$BROWSER == 'chrome'">
<kw name="Evaluate" owner="BuiltIn">
<msg time="2025-11-11T01:33:02.954759" level="INFO">${options} = &lt;selenium.webdriver.chrome.options.Options object at 0x7b922c836ae0&gt;</msg>
<var>${options}</var>
<arg>sys.modules['selenium.webdriver'].ChromeOptions()</arg>
<arg>sys</arg>
<doc>Evaluates the given expression in Python and returns the result.</doc>
<status status="PASS" start="2025-11-11T01:33:02.954252" elapsed="0.000573"/>
</kw>
<kw name="Call Method" owner="BuiltIn">
<arg>${options}</arg>
<arg>add_argument</arg>
<arg>--incognito</arg>
<doc>Calls the named method of the given object with the provided arguments.</doc>
<status status="PASS" start="2025-11-11T01:33:02.955072" elapsed="0.000246"/>
</kw>
<status status="PASS" start="2025-11-11T01:33:02.953444" elapsed="0.001950"/>
</branch>
<branch type="ELSE IF" condition="$BROWSER == 'firefox'">
<kw name="Evaluate" owner="BuiltIn">
<var>${options}</var>
<arg>sys.modules['selenium.webdriver'].FirefoxOptions()</arg>
<arg>sys</arg>
<doc>Evaluates the given expression in Python and returns the result.</doc>
<status status="NOT RUN" start="2025-11-11T01:33:02.955597" elapsed="0.000033"/>
</kw>
<kw name="Call Method" owner="BuiltIn">
<arg>${options}</arg>
<arg>add_argument</arg>
<arg>--private-window</arg>
<doc>Calls the named method of the given object with the provided arguments.</doc>
<status status="NOT RUN" start="2025-11-11T01:33:02.955737" elapsed="0.000030"/>
</kw>
<status status="NOT RUN" start="2025-11-11T01:33:02.955459" elapsed="0.000351"/>
</branch>
<status status="PASS" start="2025-11-11T01:33:02.953407" elapsed="0.002446"/>
</if>
<if>
<branch type="IF" condition="$HEADLESS == 'true'">
<kw name="Set Selenium Speed" owner="SeleniumLibrary">
<arg>0.05 seconds</arg>
<doc>Sets the delay that is waited after each Selenium command.</doc>
<status status="NOT RUN" start="2025-11-11T01:33:02.956169" elapsed="0.000027"/>
</kw>
<kw name="Call Method" owner="BuiltIn">
<arg>${options}</arg>
<arg>add_argument</arg>
<arg>--headless</arg>
<doc>Calls the named method of the given object with the provided arguments.</doc>
<status status="NOT RUN" start="2025-11-11T01:33:02.956284" elapsed="0.000024"/>
</kw>
<status status="NOT RUN" start="2025-11-11T01:33:02.955925" elapsed="0.000420"/>
</branch>
<branch type="ELSE">
<kw name="Set Selenium Speed" owner="SeleniumLibrary">
<arg>${DELAY}</arg>
<doc>Sets the delay that is waited after each Selenium command.</doc>
<status status="PASS" start="2025-11-11T01:33:02.956471" elapsed="0.000306"/>
</kw>
<status status="PASS" start="2025-11-11T01:33:02.956381" elapsed="0.000447"/>
</branch>
<status status="PASS" start="2025-11-11T01:33:02.955906" elapsed="0.000959"/>
</if>
<kw name="Open Browser" owner="SeleniumLibrary">
<msg time="2025-11-11T01:33:02.957381" level="INFO">Opening browser 'chrome' to base url 'None'.</msg>
<arg>browser=${BROWSER}</arg>
<arg>options=${options}</arg>
<doc>Opens a new browser instance to the optional ``url``.</doc>
<status status="PASS" start="2025-11-11T01:33:02.957069" elapsed="0.575167"/>
</kw>
<status status="PASS" start="2025-11-11T01:33:02.953173" elapsed="0.579284"/>
</kw>
<test id="s1-s1-t1" name="At start the counter is zero" line="8">
<kw name="Reset Counter" owner="resource" type="SETUP">
<kw name="Go To" owner="SeleniumLibrary">
<msg time="2025-11-11T01:33:03.534528" level="INFO">Opening url 'http://localhost:5001'</msg>
<arg>${HOME_URL}</arg>
<doc>Navigates the current browser window to the provided ``url``.</doc>
<status status="PASS" start="2025-11-11T01:33:03.534270" elapsed="0.594397"/>
</kw>
<kw name="Click Button" owner="SeleniumLibrary">
<msg time="2025-11-11T01:33:04.130145" level="INFO">Clicking button 'Nollaa'.</msg>
<arg>Nollaa</arg>
<doc>Clicks the button identified by ``locator``.</doc>
<status status="PASS" start="2025-11-11T01:33:04.129301" elapsed="2.175480"/>
</kw>
<status status="PASS" start="2025-11-11T01:33:03.533489" elapsed="2.771741"/>
</kw>
<kw name="Go To" owner="SeleniumLibrary">
<msg time="2025-11-11T01:33:06.305888" level="INFO">Opening url 'http://localhost:5001'</msg>
<arg>${HOME_URL}</arg>
<doc>Navigates the current browser window to the provided ``url``.</doc>
<status status="PASS" start="2025-11-11T01:33:06.305631" elapsed="0.555038"/>
</kw>
<kw name="Title Should Be" owner="SeleniumLibrary">
<msg time="2025-11-11T01:33:07.377372" level="INFO">Page title is 'Laskuri'.</msg>
<arg>Laskuri</arg>
<doc>Verifies that the current page title equals ``title``.</doc>
<status status="PASS" start="2025-11-11T01:33:06.862180" elapsed="0.515630"/>
</kw>
<kw name="Page Should Contain" owner="SeleniumLibrary">
<msg time="2025-11-11T01:33:08.410279" level="INFO">Current page contains text 'nappia painettu 0 kertaa'.</msg>
<arg>nappia painettu 0 kertaa</arg>
<doc>Verifies that current page contains ``text``.</doc>
<status status="PASS" start="2025-11-11T01:33:07.379272" elapsed="1.031493"/>
</kw>
<status status="PASS" start="2025-11-11T01:33:03.532600" elapsed="4.879206"/>
</test>
<test id="s1-s1-t2" name="When button pressed twice the counter is two" line="13">
<kw name="Reset Counter" owner="resource" type="SETUP">
<kw name="Go To" owner="SeleniumLibrary">
<msg time="2025-11-11T01:33:08.415757" level="INFO">Opening url 'http://localhost:5001'</msg>
<arg>${HOME_URL}</arg>
<doc>Navigates the current browser window to the provided ``url``.</doc>
<status status="PASS" start="2025-11-11T01:33:08.415311" elapsed="0.555123"/>
</kw>
<kw name="Click Button" owner="SeleniumLibrary">
<msg time="2025-11-11T01:33:08.972493" level="INFO">Clicking button 'Nollaa'.</msg>
<arg>Nollaa</arg>
<doc>Clicks the button identified by ``locator``.</doc>
<status status="PASS" start="2025-11-11T01:33:08.971116" elapsed="2.144999"/>
</kw>
<status status="PASS" start="2025-11-11T01:33:08.414469" elapsed="2.702022"/>
</kw>
<kw name="Go To" owner="SeleniumLibrary">
<msg time="2025-11-11T01:33:11.118055" level="INFO">Opening url 'http://localhost:5001'</msg>
<arg>${HOME_URL}</arg>
<doc>Navigates the current browser window to the provided ``url``.</doc>
<status status="PASS" start="2025-11-11T01:33:11.117441" elapsed="0.546403"/>
</kw>
<kw name="Click Button" owner="SeleniumLibrary">
<msg time="2025-11-11T01:33:11.665687" level="INFO">Clicking button 'Paina'.</msg>
<arg>Paina</arg>
<doc>Clicks the button identified by ``locator``.</doc>
<status status="PASS" start="2025-11-11T01:33:11.664985" elapsed="2.162102"/>
</kw>
<kw name="Click Button" owner="SeleniumLibrary">
<msg time="2025-11-11T01:33:13.828383" level="INFO">Clicking button 'Paina'.</msg>
<arg>Paina</arg>
<doc>Clicks the button identified by ``locator``.</doc>
<status status="PASS" start="2025-11-11T01:33:13.827787" elapsed="2.168365"/>
</kw>
<kw name="Page Should Contain" owner="SeleniumLibrary">
<msg time="2025-11-11T01:33:17.025136" level="INFO">Current page contains text 'nappia painettu 2 kertaa'.</msg>
<arg>nappia painettu 2 kertaa</arg>
<doc>Verifies that current page contains ``text``.</doc>
<status status="PASS" start="2025-11-11T01:33:15.996683" elapsed="1.028876"/>
</kw>
<status status="PASS" start="2025-11-11T01:33:08.413036" elapsed="8.613420"/>
</test>
<kw name="Close Browser" owner="SeleniumLibrary" type="TEARDOWN">
<doc>Closes the current browser.</doc>
<status status="PASS" start="2025-11-11T01:33:17.028732" elapsed="0.599655"/>
</kw>
<status status="PASS" start="2025-11-11T01:33:02.827637" elapsed="14.800891"/>
</suite>
<suite id="s1-s2" name="Place" source="/home/mcheino/Asiakirjat/ohtu/webcounter/src/tests/place.robot">
<kw name="Open And Configure Browser" owner="resource" type="SETUP">
<if>
<branch type="IF" condition="$BROWSER == 'chrome'">
<kw name="Evaluate" owner="BuiltIn">
<msg time="2025-11-11T01:33:17.635192" level="INFO">${options} = &lt;selenium.webdriver.chrome.options.Options object at 0x7b922c836a80&gt;</msg>
<var>${options}</var>
<arg>sys.modules['selenium.webdriver'].ChromeOptions()</arg>
<arg>sys</arg>
<doc>Evaluates the given expression in Python and returns the result.</doc>
<status status="PASS" start="2025-11-11T01:33:17.634025" elapsed="0.001237"/>
</kw>
<kw name="Call Method" owner="BuiltIn">
<arg>${options}</arg>
<arg>add_argument</arg>
<arg>--incognito</arg>
<doc>Calls the named method of the given object with the provided arguments.</doc>
<status status="PASS" start="2025-11-11T01:33:17.635502" elapsed="0.000223"/>
</kw>
<status status="PASS" start="2025-11-11T01:33:17.633617" elapsed="0.002177"/>
</branch>
<branch type="ELSE IF" condition="$BROWSER == 'firefox'">
<kw name="Evaluate" owner="BuiltIn">
<var>${options}</var>
<arg>sys.modules['selenium.webdriver'].FirefoxOptions()</arg>
<arg>sys</arg>
<doc>Evaluates the given expression in Python and returns the result.</doc>
<status status="NOT RUN" start="2025-11-11T01:33:17.636050" elapsed="0.000039"/>
</kw>
<kw name="Call Method" owner="BuiltIn">
<arg>${options}</arg>
<arg>add_argument</arg>
<arg>--private-window</arg>
<doc>Calls the named method of the given object with the provided arguments.</doc>
<status status="NOT RUN" start="2025-11-11T01:33:17.636207" elapsed="0.000033"/>
</kw>
<status status="NOT RUN" start="2025-11-11T01:33:17.635861" elapsed="0.000428"/>
</branch>
<status status="PASS" start="2025-11-11T01:33:17.633583" elapsed="0.002750"/>
</if>
<if>
<branch type="IF" condition="$HEADLESS == 'true'">
<kw name="Set Selenium Speed" owner="SeleniumLibrary">
<arg>0.05 seconds</arg>
<doc>Sets the delay that is waited after each Selenium command.</doc>
<status status="NOT RUN" start="2025-11-11T01:33:17.636661" elapsed="0.000035"/>
</kw>
<kw name="Call Method" owner="BuiltIn">
<arg>${options}</arg>
<arg>add_argument</arg>
<arg>--headless</arg>
<doc>Calls the named method of the given object with the provided arguments.</doc>
<status status="NOT RUN" start="2025-11-11T01:33:17.636804" elapsed="0.000033"/>
</kw>
<status status="NOT RUN" start="2025-11-11T01:33:17.636411" elapsed="0.000476"/>
</branch>
<branch type="ELSE">
<kw name="Set Selenium Speed" owner="SeleniumLibrary">
<arg>${DELAY}</arg>
<doc>Sets the delay that is waited after each Selenium command.</doc>
<status status="PASS" start="2025-11-11T01:33:17.637126" elapsed="0.000420"/>
</kw>
<status status="PASS" start="2025-11-11T01:33:17.636936" elapsed="0.000674"/>
</branch>
<status status="PASS" start="2025-11-11T01:33:17.636390" elapsed="0.001268"/>
</if>
<kw name="Open Browser" owner="SeleniumLibrary">
<msg time="2025-11-11T01:33:17.638224" level="INFO">Opening browser 'chrome' to base url 'None'.</msg>
<arg>browser=${BROWSER}</arg>
<arg>options=${options}</arg>
<doc>Opens a new browser instance to the optional ``url``.</doc>
<status status="PASS" start="2025-11-11T01:33:17.637811" elapsed="0.659319"/>
</kw>
<status status="PASS" start="2025-11-11T01:33:17.633344" elapsed="0.664136"/>
</kw>
<test id="s1-s2-t1" name="When a value is set for the counter, the counter value becomes the set value" line="8">
<kw name="Reset Counter" owner="resource" type="SETUP">
<kw name="Go To" owner="SeleniumLibrary">
<msg time="2025-11-11T01:33:18.300454" level="INFO">Opening url 'http://localhost:5001'</msg>
<arg>${HOME_URL}</arg>
<doc>Navigates the current browser window to the provided ``url``.</doc>
<status status="PASS" start="2025-11-11T01:33:18.299934" elapsed="0.597904"/>
</kw>
<kw name="Click Button" owner="SeleniumLibrary">
<msg time="2025-11-11T01:33:18.899085" level="INFO">Clicking button 'Nollaa'.</msg>
<arg>Nollaa</arg>
<doc>Clicks the button identified by ``locator``.</doc>
<status status="PASS" start="2025-11-11T01:33:18.898430" elapsed="2.171102"/>
</kw>
<status status="PASS" start="2025-11-11T01:33:18.299142" elapsed="2.770875"/>
</kw>
<kw name="Go To" owner="SeleniumLibrary">
<msg time="2025-11-11T01:33:21.071940" level="INFO">Opening url 'http://localhost:5001'</msg>
<arg>${HOME_URL}</arg>
<doc>Navigates the current browser window to the provided ``url``.</doc>
<status status="PASS" start="2025-11-11T01:33:21.071315" elapsed="0.549366"/>
</kw>
<kw name="Input Text" owner="SeleniumLibrary">
<msg time="2025-11-11T01:33:21.622432" level="INFO">Typing text '10' into text field 'new_value'.</msg>
<arg>new_value</arg>
<arg>10</arg>
<doc>Types the given ``text`` into the text field identified by ``locator``.</doc>
<status status="PASS" start="2025-11-11T01:33:21.621455" elapsed="1.649556"/>
</kw>
<kw name="Click Button" owner="SeleniumLibrary">
<msg time="2025-11-11T01:33:23.272388" level="INFO">Clicking button 'aseta'.</msg>
<arg>aseta</arg>
<doc>Clicks the button identified by ``locator``.</doc>
<status status="PASS" start="2025-11-11T01:33:23.271778" elapsed="2.196656"/>
</kw>
<kw name="Page Should Contain" owner="SeleniumLibrary">
<msg time="2025-11-11T01:33:26.499837" level="INFO">Current page contains text 'nappia painettu 10 kertaa'.</msg>
<arg>nappia painettu 10 kertaa</arg>
<doc>Verifies that current page contains ``text``.</doc>
<status status="PASS" start="2025-11-11T01:33:25.469341" elapsed="1.031066"/>
</kw>
<status status="PASS" start="2025-11-11T01:33:18.297700" elapsed="8.203591"/>
</test>
<kw name="Close Browser" owner="SeleniumLibrary" type="TEARDOWN">
<doc>Closes the current browser.</doc>
<status status="PASS" start="2025-11-11T01:33:26.502951" elapsed="0.563492"/>
</kw>
<status status="PASS" start="2025-11-11T01:33:17.629532" elapsed="9.437129"/>
</suite>
<suite id="s1-s3" name="Reset" source="/home/mcheino/Asiakirjat/ohtu/webcounter/src/tests/reset.robot">
<kw name="Open And Configure Browser" owner="resource" type="SETUP">
<if>
<branch type="IF" condition="$BROWSER == 'chrome'">
<kw name="Evaluate" owner="BuiltIn">
<msg time="2025-11-11T01:33:27.074316" level="INFO">${options} = &lt;selenium.webdriver.chrome.options.Options object at 0x7b922c88f8f0&gt;</msg>
<var>${options}</var>
<arg>sys.modules['selenium.webdriver'].ChromeOptions()</arg>
<arg>sys</arg>
<doc>Evaluates the given expression in Python and returns the result.</doc>
<status status="PASS" start="2025-11-11T01:33:27.073751" elapsed="0.000644"/>
</kw>
<kw name="Call Method" owner="BuiltIn">
<arg>${options}</arg>
<arg>add_argument</arg>
<arg>--incognito</arg>
<doc>Calls the named method of the given object with the provided arguments.</doc>
<status status="PASS" start="2025-11-11T01:33:27.074648" elapsed="0.000303"/>
</kw>
<status status="PASS" start="2025-11-11T01:33:27.073278" elapsed="0.001799"/>
</branch>
<branch type="ELSE IF" condition="$BROWSER == 'firefox'">
<kw name="Evaluate" owner="BuiltIn">
<var>${options}</var>
<arg>sys.modules['selenium.webdriver'].FirefoxOptions()</arg>
<arg>sys</arg>
<doc>Evaluates the given expression in Python and returns the result.</doc>
<status status="NOT RUN" start="2025-11-11T01:33:27.075377" elapsed="0.000060"/>
</kw>
<kw name="Call Method" owner="BuiltIn">
<arg>${options}</arg>
<arg>add_argument</arg>
<arg>--private-window</arg>
<doc>Calls the named method of the given object with the provided arguments.</doc>
<status status="NOT RUN" start="2025-11-11T01:33:27.075631" elapsed="0.000056"/>
</kw>
<status status="NOT RUN" start="2025-11-11T01:33:27.075171" elapsed="0.000624"/>
</branch>
<status status="PASS" start="2025-11-11T01:33:27.073227" elapsed="0.002658"/>
</if>
<if>
<branch type="IF" condition="$HEADLESS == 'true'">
<kw name="Set Selenium Speed" owner="SeleniumLibrary">
<arg>0.05 seconds</arg>
<doc>Sets the delay that is waited after each Selenium command.</doc>
<status status="NOT RUN" start="2025-11-11T01:33:27.076422" elapsed="0.000062"/>
</kw>
<kw name="Call Method" owner="BuiltIn">
<arg>${options}</arg>
<arg>add_argument</arg>
<arg>--headless</arg>
<doc>Calls the named method of the given object with the provided arguments.</doc>
<status status="NOT RUN" start="2025-11-11T01:33:27.076668" elapsed="0.000054"/>
</kw>
<status status="NOT RUN" start="2025-11-11T01:33:27.076036" elapsed="0.000774"/>
</branch>
<branch type="ELSE">
<kw name="Set Selenium Speed" owner="SeleniumLibrary">
<arg>${DELAY}</arg>
<doc>Sets the delay that is waited after each Selenium command.</doc>
<status status="PASS" start="2025-11-11T01:33:27.077322" elapsed="0.000622"/>
</kw>
<status status="PASS" start="2025-11-11T01:33:27.076900" elapsed="0.001184"/>
</branch>
<status status="PASS" start="2025-11-11T01:33:27.075999" elapsed="0.002176"/>
</if>
<kw name="Open Browser" owner="SeleniumLibrary">
<msg time="2025-11-11T01:33:27.079164" level="INFO">Opening browser 'chrome' to base url 'None'.</msg>
<arg>browser=${BROWSER}</arg>
<arg>options=${options}</arg>
<doc>Opens a new browser instance to the optional ``url``.</doc>
<status status="PASS" start="2025-11-11T01:33:27.078443" elapsed="0.606531"/>
</kw>
<status status="PASS" start="2025-11-11T01:33:27.072911" elapsed="0.612263"/>
</kw>
<test id="s1-s3-t1" name="When counter has a nonzero value and it is reset the value becomes zero" line="8">
<kw name="Reset Counter" owner="resource" type="SETUP">
<kw name="Go To" owner="SeleniumLibrary">
<msg time="2025-11-11T01:33:27.686769" level="INFO">Opening url 'http://localhost:5001'</msg>
<arg>${HOME_URL}</arg>
<doc>Navigates the current browser window to the provided ``url``.</doc>
<status status="PASS" start="2025-11-11T01:33:27.686499" elapsed="0.593289"/>
</kw>
<kw name="Click Button" owner="SeleniumLibrary">
<msg time="2025-11-11T01:33:28.281019" level="INFO">Clicking button 'Nollaa'.</msg>
<arg>Nollaa</arg>
<doc>Clicks the button identified by ``locator``.</doc>
<status status="PASS" start="2025-11-11T01:33:28.280394" elapsed="2.168172"/>
</kw>
<status status="PASS" start="2025-11-11T01:33:27.686057" elapsed="2.763004"/>
</kw>
<kw name="Go To" owner="SeleniumLibrary">
<msg time="2025-11-11T01:33:30.450261" level="INFO">Opening url 'http://localhost:5001'</msg>
<arg>${HOME_URL}</arg>
<doc>Navigates the current browser window to the provided ``url``.</doc>
<status status="PASS" start="2025-11-11T01:33:30.449687" elapsed="0.553855"/>
</kw>
<kw name="Click Button" owner="SeleniumLibrary">
<msg time="2025-11-11T01:33:31.004783" level="INFO">Clicking button 'Paina'.</msg>
<arg>Paina</arg>
<doc>Clicks the button identified by ``locator``.</doc>
<status status="PASS" start="2025-11-11T01:33:31.004259" elapsed="2.161085"/>
</kw>
<kw name="Click Button" owner="SeleniumLibrary">
<msg time="2025-11-11T01:33:33.167008" level="INFO">Clicking button 'Nollaa'.</msg>
<arg>Nollaa</arg>
<doc>Clicks the button identified by ``locator``.</doc>
<status status="PASS" start="2025-11-11T01:33:33.166315" elapsed="2.145279"/>
</kw>
<kw name="Page Should Contain" owner="SeleniumLibrary">
<msg time="2025-11-11T01:33:36.343252" level="INFO">Current page contains text 'nappia painettu 0 kertaa'.</msg>
<arg>nappia painettu 0 kertaa</arg>
<doc>Verifies that current page contains ``text``.</doc>
<status status="PASS" start="2025-11-11T01:33:35.312561" elapsed="1.031200"/>
</kw>
<status status="PASS" start="2025-11-11T01:33:27.685303" elapsed="8.659360"/>
</test>
<kw name="Close Browser" owner="SeleniumLibrary" type="TEARDOWN">
<doc>Closes the current browser.</doc>
<status status="PASS" start="2025-11-11T01:33:36.346140" elapsed="0.561356"/>
</kw>
<status status="PASS" start="2025-11-11T01:33:27.068132" elapsed="9.839562"/>
</suite>
<status status="PASS" start="2025-11-11T01:33:02.803685" elapsed="34.105357"/>
</suite>
<statistics>
<total>
<stat pass="4" fail="0" skip="0">All Tests</stat>
</total>
<tag>
</tag>
<suite>
<stat name="Tests" id="s1" pass="4" fail="0" skip="0">Tests</stat>
<stat name="Increment" id="s1-s1" pass="2" fail="0" skip="0">Tests.Increment</stat>
<stat name="Place" id="s1-s2" pass="1" fail="0" skip="0">Tests.Place</stat>
<stat name="Reset" id="s1-s3" pass="1" fail="0" skip="0">Tests.Reset</stat>
</suite>
</statistics>
<errors>
</errors>
</robot>
